d:\age\age\engine\libs\vendor\openal\bin\debug-windows-x86_64\openal\openal.pdb
d:\age\age\engine\libs\vendor\openal\bin\debug-windows-x86_64\openal\openal.idb
d:\age\age\engine\libs\vendor\openal\bin-int\debug-windows-x86_64\openal\wave.obj
d:\age\age\engine\libs\vendor\openal\bin-int\debug-windows-x86_64\openal\wasapi.obj
d:\age\age\engine\libs\vendor\openal\bin-int\debug-windows-x86_64\openal\null.obj
d:\age\age\engine\libs\vendor\openal\bin-int\debug-windows-x86_64\openal\loopback.obj
d:\age\age\engine\libs\vendor\openal\bin-int\debug-windows-x86_64\openal\dsound.obj
d:\age\age\engine\libs\vendor\openal\bin-int\debug-windows-x86_64\openal\base.obj
d:\age\age\engine\libs\vendor\openal\bin-int\debug-windows-x86_64\openal\ambdec.obj
d:\age\age\engine\libs\vendor\openal\bin-int\debug-windows-x86_64\openal\alu.obj
d:\age\age\engine\libs\vendor\openal\bin-int\debug-windows-x86_64\openal\alconfig.obj
d:\age\age\engine\libs\vendor\openal\bin-int\debug-windows-x86_64\openal\alc.obj
d:\age\age\engine\libs\vendor\openal\bin-int\debug-windows-x86_64\openal\state.obj
d:\age\age\engine\libs\vendor\openal\bin-int\debug-windows-x86_64\openal\source.obj
d:\age\age\engine\libs\vendor\openal\bin-int\debug-windows-x86_64\openal\listener.obj
d:\age\age\engine\libs\vendor\openal\bin-int\debug-windows-x86_64\openal\filter.obj
d:\age\age\engine\libs\vendor\openal\bin-int\debug-windows-x86_64\openal\extension.obj
d:\age\age\engine\libs\vendor\openal\bin-int\debug-windows-x86_64\openal\event.obj
d:\age\age\engine\libs\vendor\openal\bin-int\debug-windows-x86_64\openal\error.obj
d:\age\age\engine\libs\vendor\openal\bin-int\debug-windows-x86_64\openal\effect.obj
d:\age\age\engine\libs\vendor\openal\bin-int\debug-windows-x86_64\openal\buffer.obj
d:\age\age\engine\libs\vendor\openal\bin-int\debug-windows-x86_64\openal\auxeffectslot.obj
d:\age\age\engine\libs\vendor\openal\bin-int\debug-windows-x86_64\openal\splitter.obj
d:\age\age\engine\libs\vendor\openal\bin-int\debug-windows-x86_64\openal\nfc.obj
d:\age\age\engine\libs\vendor\openal\bin-int\debug-windows-x86_64\openal\biquad.obj
d:\age\age\engine\libs\vendor\openal\bin-int\debug-windows-x86_64\openal\vmorpher.obj
d:\age\age\engine\libs\vendor\openal\bin-int\debug-windows-x86_64\openal\reverb.obj
d:\age\age\engine\libs\vendor\openal\bin-int\debug-windows-x86_64\openal\pshifter.obj
d:\age\age\engine\libs\vendor\openal\bin-int\debug-windows-x86_64\openal\modulator.obj
d:\age\age\engine\libs\vendor\openal\bin-int\debug-windows-x86_64\openal\fshifter.obj
d:\age\age\engine\libs\vendor\openal\bin-int\debug-windows-x86_64\openal\equalizer.obj
d:\age\age\engine\libs\vendor\openal\bin-int\debug-windows-x86_64\openal\echo.obj
d:\age\age\engine\libs\vendor\openal\bin-int\debug-windows-x86_64\openal\distortion.obj
d:\age\age\engine\libs\vendor\openal\bin-int\debug-windows-x86_64\openal\dedicated.obj
d:\age\age\engine\libs\vendor\openal\bin-int\debug-windows-x86_64\openal\compressor.obj
d:\age\age\engine\libs\vendor\openal\bin-int\debug-windows-x86_64\openal\chorus.obj
d:\age\age\engine\libs\vendor\openal\bin-int\debug-windows-x86_64\openal\autowah.obj
d:\age\age\engine\libs\vendor\openal\bin-int\debug-windows-x86_64\openal\cpu_caps.obj
d:\age\age\engine\libs\vendor\openal\bin-int\debug-windows-x86_64\openal\converter.obj
d:\age\age\engine\libs\vendor\openal\bin-int\debug-windows-x86_64\openal\bs2b.obj
d:\age\age\engine\libs\vendor\openal\bin-int\debug-windows-x86_64\openal\bformatdec.obj
d:\age\age\engine\libs\vendor\openal\bin-int\debug-windows-x86_64\openal\winmm.obj
d:\age\age\engine\libs\vendor\openal\bin-int\debug-windows-x86_64\openal\bsinc_tables.obj
d:\age\age\engine\libs\vendor\openal\bin-int\debug-windows-x86_64\openal\alstring.obj
d:\age\age\engine\libs\vendor\openal\bin-int\debug-windows-x86_64\openal\almalloc.obj
d:\age\age\engine\libs\vendor\openal\bin-int\debug-windows-x86_64\openal\alfstream.obj
d:\age\age\engine\libs\vendor\openal\bin-int\debug-windows-x86_64\openal\alexcpt.obj
d:\age\age\engine\libs\vendor\openal\bin-int\debug-windows-x86_64\openal\alcomplex.obj
d:\age\age\engine\libs\vendor\openal\bin-int\debug-windows-x86_64\openal\voice.obj
d:\age\age\engine\libs\vendor\openal\bin-int\debug-windows-x86_64\openal\uiddefs.obj
d:\age\age\engine\libs\vendor\openal\bin-int\debug-windows-x86_64\openal\uhjfilter.obj
d:\age\age\engine\libs\vendor\openal\bin-int\debug-windows-x86_64\openal\ringbuffer.obj
d:\age\age\engine\libs\vendor\openal\bin-int\debug-windows-x86_64\openal\panning.obj
d:\age\age\engine\libs\vendor\openal\bin-int\debug-windows-x86_64\openal\mixer_sse41.obj
d:\age\age\engine\libs\vendor\openal\bin-int\debug-windows-x86_64\openal\mixer_sse3.obj
d:\age\age\engine\libs\vendor\openal\bin-int\debug-windows-x86_64\openal\mixer_sse2.obj
d:\age\age\engine\libs\vendor\openal\bin-int\debug-windows-x86_64\openal\mixer_sse.obj
d:\age\age\engine\libs\vendor\openal\bin-int\debug-windows-x86_64\openal\mixer_c.obj
d:\age\age\engine\libs\vendor\openal\bin-int\debug-windows-x86_64\openal\mastering.obj
d:\age\age\engine\libs\vendor\openal\bin-int\debug-windows-x86_64\openal\hrtf.obj
d:\age\age\engine\libs\vendor\openal\bin-int\debug-windows-x86_64\openal\helpers.obj
d:\age\age\engine\libs\vendor\openal\bin-int\debug-windows-x86_64\openal\fpu_ctrl.obj
d:\age\age\engine\libs\vendor\openal\bin-int\debug-windows-x86_64\openal\threads.obj
d:\age\age\engine\libs\vendor\openal\bin-int\debug-windows-x86_64\openal\strutils.obj
d:\age\age\engine\libs\vendor\openal\bin-int\debug-windows-x86_64\openal\polyphase_resampler.obj
d:\age\age\engine\libs\vendor\openal\bin-int\debug-windows-x86_64\openal\dynload.obj
d:\age\age\engine\libs\vendor\openal\bin-int\debug-windows-x86_64\openal\null1.obj
d:\age\age\engine\libs\vendor\openal\bin\debug-windows-x86_64\openal\openal.lib
d:\age\age\engine\libs\vendor\openal\bin-int\debug-windows-x86_64\openal\openal.tlog\cl.command.1.tlog
d:\age\age\engine\libs\vendor\openal\bin-int\debug-windows-x86_64\openal\openal.tlog\cl.items.tlog
d:\age\age\engine\libs\vendor\openal\bin-int\debug-windows-x86_64\openal\openal.tlog\cl.read.1.tlog
d:\age\age\engine\libs\vendor\openal\bin-int\debug-windows-x86_64\openal\openal.tlog\cl.write.1.tlog
d:\age\age\engine\libs\vendor\openal\bin-int\debug-windows-x86_64\openal\openal.tlog\lib-link.read.1.tlog
d:\age\age\engine\libs\vendor\openal\bin-int\debug-windows-x86_64\openal\openal.tlog\lib-link.write.1.tlog
d:\age\age\engine\libs\vendor\openal\bin-int\debug-windows-x86_64\openal\openal.tlog\lib.command.1.tlog
